<?xml version="1.0" encoding="UTF-8"?>
<!-- Generated by org.testng.reporters.JUnitReportReporter -->
<testsuite hostname="pavani" failures="0" tests="1" name="paralle_execution.A" time="23.399" errors="0" timestamp="2024-04-18T11:28:44 IST" skipped="0">
  <testcase classname="paralle_execution.A" name="TC1" time="23.399"/>
  <system-out/>
</testsuite> <!-- paralle_execution.A -->
