<?xml version="1.0" encoding="UTF-8"?>
<!-- Generated by org.testng.reporters.JUnitReportReporter -->
<testsuite hostname="pavani" failures="0" tests="2" name="group_execution.DisableTCusing_Suite" time="0.010" errors="0" timestamp="2024-04-19T10:54:51 IST" skipped="0">
  <testcase classname="group_execution.DisableTCusing_Suite" name="TC1" time="0.008"/>
  <system-out>
    <![CDATA[TC1]]>
  </system-out>
  <testcase classname="group_execution.DisableTCusing_Suite" name="TC3" time="0.002"/>
  <system-out>
    <![CDATA[TC3]]>
  </system-out>
</testsuite> <!-- group_execution.DisableTCusing_Suite -->
