<?xml version="1.0" encoding="UTF-8"?>
<!-- Generated by org.testng.reporters.JUnitReportReporter -->
<testsuite hostname="pavani" failures="0" tests="1" name="paralle_execution.B" time="21.140" errors="0" timestamp="2024-04-18T11:28:44 IST" skipped="0">
  <testcase classname="paralle_execution.B" name="TC1" time="21.140"/>
  <system-out/>
</testsuite> <!-- paralle_execution.B -->
