<?xml version="1.0" encoding="UTF-8"?>
<!-- Generated by org.testng.reporters.JUnitReportReporter -->
<testsuite hostname="pavani" failures="0" tests="1" name="TestNG_program.soft_assert" time="0.013" errors="0" timestamp="2024-04-25T11:30:57 IST" skipped="0">
  <testcase classname="TestNG_program.soft_assert" name="TC1" time="0.013"/>
  <system-out/>
</testsuite> <!-- TestNG_program.soft_assert -->
