<?xml version="1.0" encoding="UTF-8"?>
<!-- Generated by org.testng.reporters.JUnitReportReporter -->
<testsuite hostname="pavani" failures="0" tests="1" name="TestNG_program.A" time="0.010" errors="0" timestamp="2024-04-16T11:58:12 IST" skipped="0">
  <testcase classname="TestNG_program.A" name="m1" time="0.010"/>
  <system-out>
    <![CDATA[hello]]>
  </system-out>
</testsuite> <!-- TestNG_program.A -->
