<?xml version="1.0" encoding="UTF-8"?>
<!-- Generated by org.testng.reporters.JUnitReportReporter -->
<testsuite hostname="pavani" failures="0" tests="3" name="revision.BB" time="0.003" errors="0" timestamp="2024-04-18T17:33:20 IST" skipped="0">
  <testcase classname="revision.BB" name="Tc4" time="0.001"/>
  <system-out>
    <![CDATA[TC4]]>
  </system-out>
  <testcase classname="revision.BB" name="Tc6" time="0.001"/>
  <system-out>
    <![CDATA[TC6]]>
  </system-out>
  <testcase classname="revision.BB" name="Tc5" time="0.001"/>
  <system-out>
    <![CDATA[TC1]]>
  </system-out>
</testsuite> <!-- revision.BB -->
