<?xml version="1.0" encoding="UTF-8"?>
<!-- Generated by org.testng.reporters.JUnitReportReporter -->
<testsuite hostname="pavani" failures="0" tests="3" name="group_execution.Disableusing_enabled_keyword" time="0.009" errors="0" timestamp="2024-04-19T11:11:13 IST" skipped="1">
  <testcase classname="group_execution.Disableusing_enabled_keyword" name="TC3" time="0.001"/>
  <system-out>
    <![CDATA[TC3]]>
  </system-out>
  <testcase classname="group_execution.Disableusing_enabled_keyword" name="TC2" time="0.008"/>
  <system-out>
    <![CDATA[TC2]]>
  </system-out>
  <testcase classname="group_execution.Disableusing_enabled_keyword" name="TC1">
    <skipped/>
  </testcase> <!-- TC1 -->
  <system-out/>
</testsuite> <!-- group_execution.Disableusing_enabled_keyword -->
