<?xml version="1.0" encoding="UTF-8"?>
<!-- Generated by org.testng.reporters.JUnitReportReporter -->
<testsuite hostname="pavani" failures="0" tests="3" name="revision.AA" time="0.007" errors="0" timestamp="2024-04-18T17:33:20 IST" skipped="0">
  <testcase classname="revision.AA" name="Tc3" time="0.001"/>
  <system-out>
    <![CDATA[TC3]]>
  </system-out>
  <testcase classname="revision.AA" name="Tc1" time="0.006"/>
  <system-out>
    <![CDATA[TC1]]>
  </system-out>
  <testcase classname="revision.AA" name="Tc2" time="0.000"/>
  <system-out>
    <![CDATA[TC2]]>
  </system-out>
</testsuite> <!-- revision.AA -->
