<?xml version="1.0" encoding="UTF-8"?>
<!-- Generated by org.testng.reporters.JUnitReportReporter -->
<testsuite hostname="pavani" failures="0" tests="3" name="BatchExecution.A" time="0.010" errors="0" timestamp="2024-04-18T10:41:04 IST" skipped="0">
  <testcase classname="BatchExecution.A" name="TC1" time="0.009"/>
  <system-out>
    <![CDATA[TC1]]>
  </system-out>
  <testcase classname="BatchExecution.A" name="TC2" time="0.001"/>
  <system-out>
    <![CDATA[TC2]]>
  </system-out>
  <testcase classname="BatchExecution.A" name="TC3" time="0.000"/>
  <system-out>
    <![CDATA[TC3]]>
  </system-out>
</testsuite> <!-- BatchExecution.A -->
