<?xml version="1.0" encoding="UTF-8"?>
<!-- Generated by org.testng.reporters.JUnitReportReporter -->
<testsuite hostname="pavani" failures="0" tests="2" name="revision.all_groups" time="0.013" errors="0" timestamp="2024-04-19T16:48:09 IST" skipped="0">
  <testcase classname="revision.all_groups" name="verifyLink" time="0.012"/>
  <system-out>
    <![CDATA[smoketest]]>
  </system-out>
  <testcase classname="revision.all_groups" name="verifyLogo" time="0.001"/>
  <system-out>
    <![CDATA[smoketest]]>
  </system-out>
</testsuite> <!-- revision.all_groups -->
