<?xml version="1.0" encoding="UTF-8"?>
<!-- Generated by org.testng.reporters.JUnitReportReporter -->
<testsuite hostname="pavani" failures="0" tests="3" name="revision.CC" time="0.003" errors="0" timestamp="2024-04-18T17:33:20 IST" skipped="0">
  <testcase classname="revision.CC" name="Tc7" time="0.001"/>
  <system-out>
    <![CDATA[TC8]]>
  </system-out>
  <testcase classname="revision.CC" name="Tc9" time="0.001"/>
  <system-out>
    <![CDATA[TC9]]>
  </system-out>
  <testcase classname="revision.CC" name="Tc8" time="0.001"/>
  <system-out>
    <![CDATA[TC8]]>
  </system-out>
</testsuite> <!-- revision.CC -->
