<?xml version="1.0" encoding="UTF-8"?>
<!-- Generated by org.testng.reporters.JUnitReportReporter -->
<testsuite hostname="pavani" failures="0" tests="3" name="BatchExecution.C" time="0.004" errors="0" timestamp="2024-04-18T10:41:04 IST" skipped="0">
  <testcase classname="BatchExecution.C" name="TC9" time="0.001"/>
  <system-out>
    <![CDATA[TC9]]>
  </system-out>
  <testcase classname="BatchExecution.C" name="TC8" time="0.001"/>
  <system-out>
    <![CDATA[TC8]]>
  </system-out>
  <testcase classname="BatchExecution.C" name="TC7" time="0.002"/>
  <system-out>
    <![CDATA[TC7]]>
  </system-out>
</testsuite> <!-- BatchExecution.C -->
