<?xml version="1.0" encoding="UTF-8"?>
<!-- Generated by org.testng.reporters.JUnitReportReporter -->
<testsuite hostname="pavani" failures="0" tests="1" name="revision.parallel2" time="5.784" errors="0" timestamp="2024-04-18T17:41:33 IST" skipped="0">
  <testcase classname="revision.parallel2" name="TC1" time="5.784"/>
  <system-out>
    <![CDATA[TC1]]>
  </system-out>
</testsuite> <!-- revision.parallel2 -->
