<?xml version="1.0" encoding="UTF-8"?>
<!-- Generated by org.testng.reporters.JUnitReportReporter -->
<testsuite hostname="pavani" failures="0" tests="2" name="group_execution.AllGroups" time="0.009" errors="0" timestamp="2024-04-19T10:26:54 IST" skipped="0">
  <testcase classname="group_execution.AllGroups" name="verifyLink" time="0.007"/>
  <system-out>
    <![CDATA[smoketestcase]]>
  </system-out>
  <testcase classname="group_execution.AllGroups" name="verifyLogo" time="0.002"/>
  <system-out>
    <![CDATA[smoketestcase]]>
  </system-out>
</testsuite> <!-- group_execution.AllGroups -->
