<?xml version="1.0" encoding="UTF-8"?>
<!-- Generated by org.testng.reporters.JUnitReportReporter -->
<testsuite hostname="pavani" failures="0" tests="1" name="revision.parallel1" time="5.223" errors="0" timestamp="2024-04-18T17:41:33 IST" skipped="0">
  <testcase classname="revision.parallel1" name="TC1" time="5.223"/>
  <system-out>
    <![CDATA[TC1]]>
  </system-out>
</testsuite> <!-- revision.parallel1 -->
