<?xml version="1.0" encoding="UTF-8"?>
<!-- Generated by org.testng.reporters.JUnitReportReporter -->
<testsuite hostname="pavani" failures="0" tests="3" name="revision.disbladTC" time="0.010" errors="0" timestamp="2024-04-19T17:03:30 IST" skipped="0">
  <testcase classname="revision.disbladTC" name="TC1" time="0.007"/>
  <system-out>
    <![CDATA[TC1]]>
  </system-out>
  <testcase classname="revision.disbladTC" name="TC4" time="0.002"/>
  <system-out>
    <![CDATA[TC4]]>
  </system-out>
  <testcase classname="revision.disbladTC" name="TC3" time="0.001"/>
  <system-out>
    <![CDATA[TC3]]>
  </system-out>
</testsuite> <!-- revision.disbladTC -->
